<?xml version="1.0" encoding="UTF-8"?>
<!-- Generated by org.testng.reporters.JUnitXMLReporter -->
<testsuite ignored="10" hostname="DESKTOP-PV6I9IE" failures="0" tests="25" name="Regression Test" time="122.784" errors="0" timestamp="2023-09-09T12:42:21 EET">
  <testcase classname="tests.AddProductToCompareTest" name="UserCanAddProduct1ToCompareList" time="2.738"/>
  <testcase classname="tests.AddProductToCompareTest" name="UserCanAddProduct2ToCompareList" time="3.234"/>
  <testcase classname="tests.AddProductToCompareTest" name="UserCanCompareBetweenTwoProducts" time="2.588"/>
  <testcase classname="tests.AddProductToCompareTest" name="UserCanClearProductsCompareList" time="1.026"/>
  <testcase classname="tests.AddProductToShoppingCartTest" name="UserCanAddProductToShoppingCart" time="3.214"/>
  <testcase classname="tests.AddProductToShoppingCartTest" name="UserCanUpdateProductQuantity" time="1.426"/>
  <testcase classname="tests.AddProductToShoppingCartTest" name="UserCanRemoveProductFromShoppingCart" time="0.717"/>
  <testcase classname="tests.AddProductToWishListTest" name="UserCanSearchForProductAutoSuggestScenario" time="1.589"/>
  <testcase classname="tests.AddProductToWishListTest" name="UserCanAddProductToWishList" time="1.163"/>
  <testcase classname="tests.AddProductToWishListTest" name="UserCanRemoveProductFromWishList" time="0.541"/>
  <testcase classname="tests.ProductReviewTest" name="UserCanSearchForProductUsingAutoSuggestScenario" time="1.796"/>
  <testcase classname="tests.ProductReviewTest" name="OnlyRegisteredUserCanAddProductReview" time="2.029"/>
  <testcase classname="tests.ChangeCurrencyTest" name="UserCanChangeCurrency" time="4.117"/>
  <testcase classname="tests.EmailFriendTest" name="UserCanSearchForProductWithAutoSuggestScenario" time="1.661"/>
  <testcase classname="tests.EmailFriendTest" name="UserCanEmailFriend" time="1.491"/>
  <testcase classname="tests.UserCheckOutAndDownloadOrderDetailsTest" name="RegisteredUserCanSearchForProduct" time="1.533"/>
  <testcase classname="tests.UserCheckOutAndDownloadOrderDetailsTest" name="RegisteredUserCanAddProductToCart" time="1.311"/>
  <testcase classname="tests.UserCheckOutAndDownloadOrderDetailsTest" name="RegisteredUserCanCheckOut" time="7.727"/>
  <testcase classname="tests.UserCheckOutAndDownloadOrderDetailsTest" name="RegisteredUserCanDownloadOrderDetails" time="0.647"/>
  <testcase classname="tests.ContactUsTest" name="UserCanContactUs" time="2.149"/>
  <testcase classname="tests.SearchBasicScenarioTest" name="UserCanSearchForProductBasicScenario" time="2.076"/>
  <testcase classname="tests.SearchAutoSuggestScenarioTest" name="UserCanSearchForProductAutoSuggestScenario" time="1.741"/>
  <testcase classname="tests.ChangePasswordTest" name="RegisteredUserCanChangePassword" time="3.555"/>
  <testcase classname="tests.ChangePasswordTest" name="RegisteredUserCanLogout" time="4.152"/>
  <testcase classname="tests.ChangePasswordTest" name="RegisteredUserCanLoginWithNewPassword" time="2.057"/>
  <testcase classname="tests.TestBase" name="@BeforeSuite startDriver" time="0.0">
    <ignored/>
  </testcase> <!-- @BeforeSuite startDriver -->
  <testcase classname="tests.TestBase" name="@BeforeSuite startDriver" time="0.0">
    <ignored/>
  </testcase> <!-- @BeforeSuite startDriver -->
  <testcase classname="tests.TestBase" name="@BeforeSuite startDriver" time="0.0">
    <ignored/>
  </testcase> <!-- @BeforeSuite startDriver -->
  <testcase classname="tests.TestBase" name="@BeforeSuite startDriver" time="0.0">
    <ignored/>
  </testcase> <!-- @BeforeSuite startDriver -->
  <testcase classname="tests.TestBase" name="@BeforeSuite startDriver" time="0.0">
    <ignored/>
  </testcase> <!-- @BeforeSuite startDriver -->
  <testcase classname="tests.TestBase" name="@BeforeSuite startDriver" time="0.0">
    <ignored/>
  </testcase> <!-- @BeforeSuite startDriver -->
  <testcase classname="tests.TestBase" name="@BeforeSuite startDriver" time="0.0">
    <ignored/>
  </testcase> <!-- @BeforeSuite startDriver -->
  <testcase classname="tests.TestBase" name="@BeforeSuite startDriver" time="0.0">
    <ignored/>
  </testcase> <!-- @BeforeSuite startDriver -->
  <testcase classname="tests.TestBase" name="@BeforeSuite startDriver" time="0.0">
    <ignored/>
  </testcase> <!-- @BeforeSuite startDriver -->
  <testcase classname="tests.TestBase" name="@BeforeSuite startDriver" time="0.0">
    <ignored/>
  </testcase> <!-- @BeforeSuite startDriver -->
</testsuite> <!-- Regression Test -->
