<?xml version="1.0" encoding="UTF-8"?>
<testng-results ignored="0" total="1" passed="1" failed="0" skipped="0">
  <reporter-output>
  </reporter-output>
  <suite started-at="2023-09-23T10:35:50 EET" name="Default suite" finished-at="2023-09-23T10:36:01 EET" duration-ms="10799">
    <groups>
      <group name="cucumber">
        <method signature="AbstractTestNGCucumberTests.runScenario(io.cucumber.testng.PickleWrapper,io.cucumber.testng.FeatureWrapper)[pri:0, instance:tests.HoverMenuTest@38d80d65]" name="runScenario" class="io.cucumber.testng.AbstractTestNGCucumberTests"/>
      </group> <!-- cucumber -->
    </groups>
    <test started-at="2023-09-23T10:35:50 EET" name="Default test" finished-at="2023-09-23T10:36:01 EET" duration-ms="10799">
      <class name="tests.HoverMenuTest">
        <test-method is-config="true" signature="startDriver(java.lang.String)[pri:0, instance:tests.HoverMenuTest@38d80d65]" started-at="2023-09-23T10:35:46 EET" name="startDriver" finished-at="2023-09-23T10:35:50 EET" duration-ms="4280" status="PASS">
          <params>
            <param index="0">
              <value>
                <![CDATA[chrome]]>
              </value>
            </param>
          </params>
          <reporter-output>
          </reporter-output>
        </test-method> <!-- startDriver -->
        <test-method is-config="true" signature="setUpClass(org.testng.ITestContext)[pri:0, instance:tests.HoverMenuTest@38d80d65]" started-at="2023-09-23T10:35:50 EET" name="setUpClass" finished-at="2023-09-23T10:35:50 EET" duration-ms="121" status="PASS">
          <params>
            <param index="0">
              <value>
                <![CDATA[org.testng.TestRunner@36511772]]>
              </value>
            </param>
          </params>
          <reporter-output>
          </reporter-output>
        </test-method> <!-- setUpClass -->
        <test-method is-config="true" signature="UserCanRegisterAndLogin()[pri:0, instance:tests.HoverMenuTest@38d80d65]" started-at="2023-09-23T10:35:50 EET" name="UserCanRegisterAndLogin" finished-at="2023-09-23T10:35:54 EET" duration-ms="3830" status="PASS">
          <reporter-output>
          </reporter-output>
        </test-method> <!-- UserCanRegisterAndLogin -->
        <test-method is-config="true" signature="implicitlyWait()[pri:0, instance:tests.HoverMenuTest@38d80d65]" started-at="2023-09-23T10:35:54 EET" name="implicitlyWait" finished-at="2023-09-23T10:35:54 EET" duration-ms="5" status="PASS">
          <reporter-output>
          </reporter-output>
        </test-method> <!-- implicitlyWait -->
        <test-method signature="hoverMenuTest()[pri:0, instance:tests.HoverMenuTest@38d80d65]" started-at="2023-09-23T10:35:54 EET" name="hoverMenuTest" finished-at="2023-09-23T10:36:00 EET" duration-ms="6016" status="PASS">
          <reporter-output>
          </reporter-output>
        </test-method> <!-- hoverMenuTest -->
        <test-method is-config="true" signature="screenshotOnFailure(org.testng.ITestResult)[pri:0, instance:tests.HoverMenuTest@38d80d65]" started-at="2023-09-23T10:36:00 EET" name="screenshotOnFailure" finished-at="2023-09-23T10:36:00 EET" duration-ms="1" status="PASS">
          <params>
            <param index="0">
              <value>
                <![CDATA[[TestResult name=hoverMenuTest status=SUCCESS method=HoverMenuTest.hoverMenuTest()[pri:0, instance:tests.HoverMenuTest@38d80d65] output={null}]]]>
              </value>
            </param>
          </params>
          <reporter-output>
          </reporter-output>
        </test-method> <!-- screenshotOnFailure -->
        <test-method is-config="true" signature="UserCanLogout()[pri:0, instance:tests.HoverMenuTest@38d80d65]" started-at="2023-09-23T10:36:00 EET" name="UserCanLogout" finished-at="2023-09-23T10:36:01 EET" duration-ms="785" status="PASS">
          <reporter-output>
          </reporter-output>
        </test-method> <!-- UserCanLogout -->
        <test-method is-config="true" signature="tearDownClass()[pri:0, instance:tests.HoverMenuTest@38d80d65]" started-at="2023-09-23T10:36:01 EET" name="tearDownClass" finished-at="2023-09-23T10:36:01 EET" duration-ms="4" status="PASS">
          <reporter-output>
          </reporter-output>
        </test-method> <!-- tearDownClass -->
      </class> <!-- tests.HoverMenuTest -->
    </test> <!-- Default test -->
  </suite> <!-- Default suite -->
</testng-results>
